<root>
    <dotted.value>1</dotted.value>
</root>